<?xml version="1.0" encoding="utf-8"?><testsuites name="pytest tests"><testsuite name="pytest" errors="0" failures="0" skipped="0" tests="25" time="11.056" timestamp="2026-06-29T10:09:10.490379+00:00" hostname="agent-env-493f0dbf-f206-4d0f-a61f-4e9b28cbf0a8"><testcase classname="backend.tests.backend_test.TestHealth" name="test_health" time="0.099" /><testcase classname="backend.tests.backend_test.TestAuth" name="test_login_success" time="0.112" /><testcase classname="backend.tests.backend_test.TestAuth" name="test_login_wrong_password" time="0.103" /><testcase classname="backend.tests.backend_test.TestAuth" name="test_login_missing_fields" time="0.045" /><testcase classname="backend.tests.backend_test.TestAuth" name="test_me_with_token" time="0.154" /><testcase classname="backend.tests.backend_test.TestAuth" name="test_me_without_token" time="0.098" /><testcase classname="backend.tests.backend_test.TestTables" name="test_list_tables" time="0.045" /><testcase classname="backend.tests.backend_test.TestSessionLifecycle" name="test_start_session_table2" time="1.182" /><testcase classname="backend.tests.backend_test.TestSessionLifecycle" name="test_pause_resume" time="2.096" /><testcase classname="backend.tests.backend_test.TestSessionLifecycle" name="test_stop_session" time="4.102" /><testcase classname="backend.tests.backend_test.TestSessionLifecycle" name="test_stop_no_loser_400" time="1.201" /><testcase classname="backend.tests.backend_test.TestSessionLifecycle" name="test_stop_no_active_session_404" time="0.090" /><testcase classname="backend.tests.backend_test.TestSummary" name="test_summary_today" time="0.085" /><testcase classname="backend.tests.backend_test.TestSummary" name="test_sessions_list_today" time="0.046" /><testcase classname="backend.tests.backend_test.TestSummary" name="test_players_today" time="0.062" /><testcase classname="backend.tests.backend_test.TestSummary" name="test_customers_search" time="0.043" /><testcase classname="backend.tests.backend_test.TestMarkPaid" name="test_mark_paid_flow" time="0.137" /><testcase classname="backend.tests.backend_test.TestReports" name="test_reports_csv" time="0.044" /><testcase classname="backend.tests.backend_test.TestReports" name="test_reports_xlsx" time="0.049" /><testcase classname="backend.tests.backend_test.TestSettings" name="test_get_settings" time="0.044" /><testcase classname="backend.tests.backend_test.TestSettings" name="test_patch_settings_persists" time="0.132" /><testcase classname="backend.tests.backend_test.TestAdminGuard" name="test_settings_requires_auth" time="0.142" /><testcase classname="backend.tests.backend_test.TestAdminGuard" name="test_admin_tables_requires_auth" time="0.104" /><testcase classname="backend.tests.backend_test.TestSSE" name="test_events_stream" time="0.096" /><testcase classname="backend.tests.backend_test.TestLoad" name="test_health_and_tables_repeated" time="0.677" /></testsuite></testsuites>